Using pre-set license
Built from '2020.3/staging' branch; Version is '2020.3.11f1 (99c7afb366b3) revision 10078127'; Using compiler version '192528614'; Build Type 'Release'
OS: 'Windows 10 Pro; OS build 19043.1052; Version 2009; 64bit' Language: 'en' Physical Memory: 8073 MB
BatchMode: 1, IsHumanControllingUs: 0, StartBugReporterOnCrash: 0, Is64bit: 1, IsPro: 0

 COMMAND LINE ARGUMENTS:
C:\Program Files\Unity\Hub\Editor\2020.3.11f1\Editor\Unity.exe
-adb2
-batchMode
-noUpm
-name
AssetImportWorker0
-projectPath
C:/Users/dell/Desktop/Exile of Exodia/Exile of Exodia
-logFile
Logs/AssetImportWorker0.log
-srvPort
49319
Successfully changed project path to: C:/Users/dell/Desktop/Exile of Exodia/Exile of Exodia
C:/Users/dell/Desktop/Exile of Exodia/Exile of Exodia
Using Asset Import Pipeline V2.
Refreshing native plugins compatible for Editor in 50.69 ms, found 2 plugins.
Preloading 0 native plugins for Editor in 0.00 ms.
Initialize engine version: 2020.3.11f1 (99c7afb366b3)
[Subsystems] Discovering subsystems at path C:/Program Files/Unity/Hub/Editor/2020.3.11f1/Editor/Data/Resources/UnitySubsystems
[Subsystems] Discovering subsystems at path C:/Users/dell/Desktop/Exile of Exodia/Exile of Exodia/Assets
GfxDevice: creating device client; threaded=0
Direct3D:
    Version:  Direct3D 11.0 [level 11.1]
    Renderer: Intel(R) HD Graphics 620 (ID=0x5916)
    Vendor:   
    VRAM:     4036 MB
    Driver:   27.20.100.8681
Initialize mono
Mono path[0] = 'C:/Program Files/Unity/Hub/Editor/2020.3.11f1/Editor/Data/Managed'
Mono path[1] = 'C:/Program Files/Unity/Hub/Editor/2020.3.11f1/Editor/Data/MonoBleedingEdge/lib/mono/unityjit'
Mono config path = 'C:/Program Files/Unity/Hub/Editor/2020.3.11f1/Editor/Data/MonoBleedingEdge/etc'
Using monoOptions --debugger-agent=transport=dt_socket,embedding=1,server=y,suspend=n,address=127.0.0.1:56756
Begin MonoManager ReloadAssembly
Registering precompiled unity dll's ...
Register platform support module: C:/Program Files/Unity/Hub/Editor/2020.3.11f1/Editor/Data/PlaybackEngines/WebGLSupport/UnityEditor.WebGL.Extensions.dll
Register platform support module: C:/Program Files/Unity/Hub/Editor/2020.3.11f1/Editor/Data/PlaybackEngines/WindowsStandaloneSupport/UnityEditor.WindowsStandalone.Extensions.dll
Registered in 0.002291 seconds.
Native extension for WindowsStandalone target not found
Native extension for WebGL target not found
Refreshing native plugins compatible for Editor in 35.20 ms, found 2 plugins.
Preloading 0 native plugins for Editor in 0.00 ms.
Mono: successfully reloaded assembly
- Completed reload, in  3.073 seconds
Platform modules already initialized, skipping
Registering precompiled user dll's ...
Registered in 0.009107 seconds.
Begin MonoManager ReloadAssembly
Native extension for WindowsStandalone target not found
Native extension for WebGL target not found
Refreshing native plugins compatible for Editor in 0.33 ms, found 2 plugins.
Preloading 0 native plugins for Editor in 0.00 ms.
Mono: successfully reloaded assembly
- Completed reload, in  2.080 seconds
Platform modules already initialized, skipping
========================================================================
Worker process is ready to serve import requests
Launched and connected shader compiler UnityShaderCompiler.exe after 0.07 seconds
Refreshing native plugins compatible for Editor in 0.40 ms, found 2 plugins.
Preloading 0 native plugins for Editor in 0.00 ms.
Unloading 1419 Unused Serialized files (Serialized files now loaded: 0)
System memory in use before: 70.9 MB.
System memory in use after: 71.0 MB.

Unloading 18 unused Assets to reduce memory usage. Loaded Objects now: 1862.
Total: 1.771200 ms (FindLiveObjects: 0.167400 ms CreateObjectMapping: 0.045000 ms MarkObjects: 1.455900 ms  DeleteObjects: 0.101900 ms)

========================================================================
Received Import Request.
  path: Assets/Images/Italy_GDP.png
  artifactKey: Guid(79b98133e1c609749bff8a669669e7ee) Importer(815301076,1909f56bfc062723c751e8b465ee728b)
Start importing Assets/Images/Italy_GDP.png using Guid(79b98133e1c609749bff8a669669e7ee) Importer(815301076,1909f56bfc062723c751e8b465ee728b)  -> (artifact id: '35098f1ab87ef7435319899bd46041b8') in 0.121557 seconds
  Import took 0.130203 seconds .

========================================================================
Received Import Request.
  Time since last request: 0.000264 seconds.
  path: Assets/Images/Morocco_GDP.png
  artifactKey: Guid(3abdd86398c951942b9183b3b7e4953e) Importer(815301076,1909f56bfc062723c751e8b465ee728b)
Start importing Assets/Images/Morocco_GDP.png using Guid(3abdd86398c951942b9183b3b7e4953e) Importer(815301076,1909f56bfc062723c751e8b465ee728b)  -> (artifact id: 'a1ff0a4937661b21ee4dc61855ba7592') in 0.085019 seconds
  Import took 0.120610 seconds .

========================================================================
Received Import Request.
  Time since last request: 0.000891 seconds.
  path: Assets/Images/India_GDP.png
  artifactKey: Guid(b2acee7c47124524c8c95089b80782c0) Importer(815301076,1909f56bfc062723c751e8b465ee728b)
Start importing Assets/Images/India_GDP.png using Guid(b2acee7c47124524c8c95089b80782c0) Importer(815301076,1909f56bfc062723c751e8b465ee728b)  -> (artifact id: '8f50dcc2fbf2b63e0cf4f8c530e43173') in 0.107222 seconds
  Import took 0.190727 seconds .

========================================================================
Received Import Request.
  Time since last request: 1.359079 seconds.
  path: Assets/Images/Brazil_GDP.png
  artifactKey: Guid(b0d8cc5652474364ca8955fa20f2db95) Importer(815301076,1909f56bfc062723c751e8b465ee728b)
Start importing Assets/Images/Brazil_GDP.png using Guid(b0d8cc5652474364ca8955fa20f2db95) Importer(815301076,1909f56bfc062723c751e8b465ee728b)  -> (artifact id: 'e246b2e9d71f1a4b30fe1ddef6ea8a18') in 0.030136 seconds
  Import took 0.037166 seconds .

========================================================================
Received Import Request.
  Time since last request: 0.009230 seconds.
  path: Assets/Images/Brazil_GDP.png
  artifactKey: Guid(b0d8cc5652474364ca8955fa20f2db95) Importer(815301076,1909f56bfc062723c751e8b465ee728b)
Start importing Assets/Images/Brazil_GDP.png using Guid(b0d8cc5652474364ca8955fa20f2db95) Importer(815301076,1909f56bfc062723c751e8b465ee728b)  -> (artifact id: 'e246b2e9d71f1a4b30fe1ddef6ea8a18') in 0.033483 seconds
  Import took 0.043315 seconds .

========================================================================
Received Import Request.
  Time since last request: 18.508762 seconds.
  path: Assets/Images/Morocco_GDP.png
  artifactKey: Guid(3abdd86398c951942b9183b3b7e4953e) Importer(815301076,1909f56bfc062723c751e8b465ee728b)
Start importing Assets/Images/Morocco_GDP.png using Guid(3abdd86398c951942b9183b3b7e4953e) Importer(815301076,1909f56bfc062723c751e8b465ee728b)  -> (artifact id: '4ffdbbc0ed935d7e47abef27b9d024de') in 0.203849 seconds
  Import took 0.237948 seconds .

========================================================================
Received Import Request.
  Time since last request: 0.000207 seconds.
  path: Assets/Images/India_GDP.png
  artifactKey: Guid(b2acee7c47124524c8c95089b80782c0) Importer(815301076,1909f56bfc062723c751e8b465ee728b)
Start importing Assets/Images/India_GDP.png using Guid(b2acee7c47124524c8c95089b80782c0) Importer(815301076,1909f56bfc062723c751e8b465ee728b)  -> (artifact id: 'eebc6b389de3813d31b253f1fc8b09d9') in 0.118929 seconds
  Import took 0.129932 seconds .

========================================================================
Received Prepare
Registering precompiled user dll's ...
Registered in 0.005874 seconds.
Begin MonoManager ReloadAssembly
Native extension for WindowsStandalone target not found
Native extension for WebGL target not found
Refreshing native plugins compatible for Editor in 0.39 ms, found 2 plugins.
Preloading 0 native plugins for Editor in 0.00 ms.
Mono: successfully reloaded assembly
- Completed reload, in  1.295 seconds
Platform modules already initialized, skipping
Refreshing native plugins compatible for Editor in 0.34 ms, found 2 plugins.
Preloading 0 native plugins for Editor in 0.00 ms.
Unloading 1399 Unused Serialized files (Serialized files now loaded: 0)
System memory in use before: 72.5 MB.
System memory in use after: 72.6 MB.

Unloading 13 unused Assets to reduce memory usage. Loaded Objects now: 1875.
Total: 1.787200 ms (FindLiveObjects: 0.137900 ms CreateObjectMapping: 0.037600 ms MarkObjects: 1.593700 ms  DeleteObjects: 0.017000 ms)

========================================================================
Received Import Request.
  Time since last request: 309.428797 seconds.
  path: Assets/Images/Italy_GDP.png
  artifactKey: Guid(79b98133e1c609749bff8a669669e7ee) Importer(815301076,1909f56bfc062723c751e8b465ee728b)
Start importing Assets/Images/Italy_GDP.png using Guid(79b98133e1c609749bff8a669669e7ee) Importer(815301076,1909f56bfc062723c751e8b465ee728b)  -> (artifact id: 'c799fe51be6327ac94c018758c29458d') in 0.149473 seconds
  Import took 0.162203 seconds .

========================================================================
Received Import Request.
  Time since last request: 0.006634 seconds.
  path: Assets/Images/Italy_GDP.png
  artifactKey: Guid(79b98133e1c609749bff8a669669e7ee) Importer(815301076,1909f56bfc062723c751e8b465ee728b)
Start importing Assets/Images/Italy_GDP.png using Guid(79b98133e1c609749bff8a669669e7ee) Importer(815301076,1909f56bfc062723c751e8b465ee728b)  -> (artifact id: 'c799fe51be6327ac94c018758c29458d') in 0.091429 seconds
  Import took 0.102246 seconds .

========================================================================
Received Import Request.
  Time since last request: 26.171403 seconds.
  path: Assets/Images/Brazil_GDP.png
  artifactKey: Guid(b0d8cc5652474364ca8955fa20f2db95) Importer(815301076,1909f56bfc062723c751e8b465ee728b)
Start importing Assets/Images/Brazil_GDP.png using Guid(b0d8cc5652474364ca8955fa20f2db95) Importer(815301076,1909f56bfc062723c751e8b465ee728b)  -> (artifact id: '4949b9eeb0fbbd81031ee3bf18a3fd1c') in 0.047407 seconds
  Import took 0.058199 seconds .

========================================================================
Received Prepare
Registering precompiled user dll's ...
Registered in 0.005451 seconds.
Begin MonoManager ReloadAssembly
Native extension for WindowsStandalone target not found
Native extension for WebGL target not found
Refreshing native plugins compatible for Editor in 1.57 ms, found 2 plugins.
Preloading 0 native plugins for Editor in 0.00 ms.
Mono: successfully reloaded assembly
- Completed reload, in  1.452 seconds
Platform modules already initialized, skipping
Refreshing native plugins compatible for Editor in 0.35 ms, found 2 plugins.
Preloading 0 native plugins for Editor in 0.00 ms.
Unloading 1399 Unused Serialized files (Serialized files now loaded: 0)
System memory in use before: 72.5 MB.
System memory in use after: 72.6 MB.

Unloading 13 unused Assets to reduce memory usage. Loaded Objects now: 1883.
Total: 2.508400 ms (FindLiveObjects: 0.172400 ms CreateObjectMapping: 0.047000 ms MarkObjects: 2.259800 ms  DeleteObjects: 0.027500 ms)

========================================================================
Received Prepare
Registering precompiled user dll's ...
Registered in 0.004616 seconds.
Begin MonoManager ReloadAssembly
Native extension for WindowsStandalone target not found
Native extension for WebGL target not found
Refreshing native plugins compatible for Editor in 0.72 ms, found 2 plugins.
Preloading 0 native plugins for Editor in 0.00 ms.
Mono: successfully reloaded assembly
- Completed reload, in  1.238 seconds
Platform modules already initialized, skipping
Refreshing native plugins compatible for Editor in 0.58 ms, found 2 plugins.
Preloading 0 native plugins for Editor in 0.00 ms.
Unloading 1399 Unused Serialized files (Serialized files now loaded: 0)
System memory in use before: 72.5 MB.
System memory in use after: 72.7 MB.

Unloading 13 unused Assets to reduce memory usage. Loaded Objects now: 1886.
Total: 1.864000 ms (FindLiveObjects: 0.155300 ms CreateObjectMapping: 0.049400 ms MarkObjects: 1.640800 ms  DeleteObjects: 0.017500 ms)

========================================================================
Received Prepare
Registering precompiled user dll's ...
Registered in 0.009973 seconds.
Begin MonoManager ReloadAssembly
Native extension for WindowsStandalone target not found
Native extension for WebGL target not found
Refreshing native plugins compatible for Editor in 0.38 ms, found 2 plugins.
Preloading 0 native plugins for Editor in 0.00 ms.
Mono: successfully reloaded assembly
- Completed reload, in  1.395 seconds
Platform modules already initialized, skipping
Refreshing native plugins compatible for Editor in 0.34 ms, found 2 plugins.
Preloading 0 native plugins for Editor in 0.00 ms.
Unloading 1399 Unused Serialized files (Serialized files now loaded: 0)
System memory in use before: 72.6 MB.
System memory in use after: 72.7 MB.

Unloading 13 unused Assets to reduce memory usage. Loaded Objects now: 1889.
Total: 1.772100 ms (FindLiveObjects: 0.148600 ms CreateObjectMapping: 0.046100 ms MarkObjects: 1.560700 ms  DeleteObjects: 0.016000 ms)

AssetImportWorkerClient::OnTransportError - code=2 error=End of file
