Using pre-set license
Built from '2020.3/staging' branch; Version is '2020.3.11f1 (99c7afb366b3) revision 10078127'; Using compiler version '192528614'; Build Type 'Release'
OS: 'Windows 10 Pro; OS build 19043.1052; Version 2009; 64bit' Language: 'en' Physical Memory: 8073 MB
BatchMode: 1, IsHumanControllingUs: 0, StartBugReporterOnCrash: 0, Is64bit: 1, IsPro: 0

 COMMAND LINE ARGUMENTS:
C:\Program Files\Unity\Hub\Editor\2020.3.11f1\Editor\Unity.exe
-adb2
-batchMode
-noUpm
-name
AssetImportWorker0
-projectPath
C:/Users/dell/Desktop/Exile of Exodia/Exile of Exodia
-logFile
Logs/AssetImportWorker0.log
-srvPort
51627
Successfully changed project path to: C:/Users/dell/Desktop/Exile of Exodia/Exile of Exodia
C:/Users/dell/Desktop/Exile of Exodia/Exile of Exodia
Using Asset Import Pipeline V2.
Refreshing native plugins compatible for Editor in 55.13 ms, found 2 plugins.
Preloading 0 native plugins for Editor in 0.00 ms.
Initialize engine version: 2020.3.11f1 (99c7afb366b3)
[Subsystems] Discovering subsystems at path C:/Program Files/Unity/Hub/Editor/2020.3.11f1/Editor/Data/Resources/UnitySubsystems
[Subsystems] Discovering subsystems at path C:/Users/dell/Desktop/Exile of Exodia/Exile of Exodia/Assets
GfxDevice: creating device client; threaded=0
Direct3D:
    Version:  Direct3D 11.0 [level 11.1]
    Renderer: Intel(R) HD Graphics 620 (ID=0x5916)
    Vendor:   
    VRAM:     4036 MB
    Driver:   27.20.100.8681
Initialize mono
Mono path[0] = 'C:/Program Files/Unity/Hub/Editor/2020.3.11f1/Editor/Data/Managed'
Mono path[1] = 'C:/Program Files/Unity/Hub/Editor/2020.3.11f1/Editor/Data/MonoBleedingEdge/lib/mono/unityjit'
Mono config path = 'C:/Program Files/Unity/Hub/Editor/2020.3.11f1/Editor/Data/MonoBleedingEdge/etc'
Using monoOptions --debugger-agent=transport=dt_socket,embedding=1,server=y,suspend=n,address=127.0.0.1:56660
Begin MonoManager ReloadAssembly
Registering precompiled unity dll's ...
Register platform support module: C:/Program Files/Unity/Hub/Editor/2020.3.11f1/Editor/Data/PlaybackEngines/WebGLSupport/UnityEditor.WebGL.Extensions.dll
Register platform support module: C:/Program Files/Unity/Hub/Editor/2020.3.11f1/Editor/Data/PlaybackEngines/WindowsStandaloneSupport/UnityEditor.WindowsStandalone.Extensions.dll
Registered in 0.002882 seconds.
Native extension for WindowsStandalone target not found
Native extension for WebGL target not found
Refreshing native plugins compatible for Editor in 42.07 ms, found 2 plugins.
Preloading 0 native plugins for Editor in 0.00 ms.
Mono: successfully reloaded assembly
- Completed reload, in  3.692 seconds
Platform modules already initialized, skipping
Registering precompiled user dll's ...
Registered in 0.007270 seconds.
Begin MonoManager ReloadAssembly
Native extension for WindowsStandalone target not found
Native extension for WebGL target not found
Refreshing native plugins compatible for Editor in 0.34 ms, found 2 plugins.
Preloading 0 native plugins for Editor in 0.00 ms.
Mono: successfully reloaded assembly
- Completed reload, in  1.108 seconds
Platform modules already initialized, skipping
========================================================================
Worker process is ready to serve import requests
Launched and connected shader compiler UnityShaderCompiler.exe after 0.05 seconds
Refreshing native plugins compatible for Editor in 0.32 ms, found 2 plugins.
Preloading 0 native plugins for Editor in 0.00 ms.
Unloading 1418 Unused Serialized files (Serialized files now loaded: 0)
System memory in use before: 70.9 MB.
System memory in use after: 71.0 MB.

Unloading 18 unused Assets to reduce memory usage. Loaded Objects now: 1861.
Total: 1.894500 ms (FindLiveObjects: 0.134700 ms CreateObjectMapping: 0.038800 ms MarkObjects: 1.645000 ms  DeleteObjects: 0.075100 ms)

========================================================================
Received Import Request.
  path: Assets/Images/Brazil_Deaths_1.png
  artifactKey: Guid(42f936fcc33560147a4a74f3936ea027) Importer(815301076,1909f56bfc062723c751e8b465ee728b)
Start importing Assets/Images/Brazil_Deaths_1.png using Guid(42f936fcc33560147a4a74f3936ea027) Importer(815301076,1909f56bfc062723c751e8b465ee728b)  -> (artifact id: '18e0ebcc0124ea77198d803e013159c5') in 0.085277 seconds
  Import took 0.088759 seconds .

========================================================================
Received Import Request.
  Time since last request: 0.000576 seconds.
  path: Assets/Images/Brazil_Deaths_2.png
  artifactKey: Guid(39a89d68d6fc92f4dbda671cca7cc786) Importer(815301076,1909f56bfc062723c751e8b465ee728b)
Start importing Assets/Images/Brazil_Deaths_2.png using Guid(39a89d68d6fc92f4dbda671cca7cc786) Importer(815301076,1909f56bfc062723c751e8b465ee728b)  -> (artifact id: '3bbd3dfb05b44fb24ccee6f3169b9c7a') in 0.052825 seconds
  Import took 0.060680 seconds .

========================================================================
Received Import Request.
  Time since last request: 0.000455 seconds.
  path: Assets/Images/India_Deaths_2.png
  artifactKey: Guid(fca27ed46bdea4f4e92b011b5ad49161) Importer(815301076,1909f56bfc062723c751e8b465ee728b)
Start importing Assets/Images/India_Deaths_2.png using Guid(fca27ed46bdea4f4e92b011b5ad49161) Importer(815301076,1909f56bfc062723c751e8b465ee728b)  -> (artifact id: 'e731637ac663e2346fcceea2166aa6a3') in 0.080283 seconds
  Import took 0.087135 seconds .

========================================================================
Received Import Request.
  Time since last request: 0.000389 seconds.
  path: Assets/Images/Italy_Deaths_2.png
  artifactKey: Guid(289348e9a062d8d4096c1fe65fa5aaa8) Importer(815301076,1909f56bfc062723c751e8b465ee728b)
Start importing Assets/Images/Italy_Deaths_2.png using Guid(289348e9a062d8d4096c1fe65fa5aaa8) Importer(815301076,1909f56bfc062723c751e8b465ee728b)  -> (artifact id: '3f56520e0683536ede73ba4e2664324e') in 0.068965 seconds
  Import took 0.075517 seconds .

========================================================================
Received Import Request.
  Time since last request: 0.000317 seconds.
  path: Assets/Images/Italy_Deaths_1.png
  artifactKey: Guid(cf37b97f59799a74899868caeda7346d) Importer(815301076,1909f56bfc062723c751e8b465ee728b)
Start importing Assets/Images/Italy_Deaths_1.png using Guid(cf37b97f59799a74899868caeda7346d) Importer(815301076,1909f56bfc062723c751e8b465ee728b)  -> (artifact id: 'd95a16c84d2c495e377e02e6c8a8c8f0') in 0.081577 seconds
  Import took 0.088352 seconds .

========================================================================
Received Import Request.
  Time since last request: 0.000734 seconds.
  path: Assets/Images/India_Deaths_1.png
  artifactKey: Guid(34c8c16393fd1f64eb7c907c588739dc) Importer(815301076,1909f56bfc062723c751e8b465ee728b)
Start importing Assets/Images/India_Deaths_1.png using Guid(34c8c16393fd1f64eb7c907c588739dc) Importer(815301076,1909f56bfc062723c751e8b465ee728b)  -> (artifact id: 'a082251b0b5a8c4d4c33ad8a39b6d87d') in 0.140621 seconds
  Import took 0.185949 seconds .

========================================================================
Received Import Request.
  Time since last request: 9.985616 seconds.
  path: Assets/Images/Morocco_Deaths_1.png
  artifactKey: Guid(92460d17c6017314c890a74c437b13bb) Importer(815301076,1909f56bfc062723c751e8b465ee728b)
Start importing Assets/Images/Morocco_Deaths_1.png using Guid(92460d17c6017314c890a74c437b13bb) Importer(815301076,1909f56bfc062723c751e8b465ee728b)  -> (artifact id: '7240861a459740080396bd450f771c71') in 0.041772 seconds
  Import took 0.048538 seconds .

========================================================================
Received Import Request.
  Time since last request: 0.123484 seconds.
  path: Assets/Images/Morocco_Deaths_2.png
  artifactKey: Guid(a0a0d23b2dab6d642b8fa6e880ceb325) Importer(815301076,1909f56bfc062723c751e8b465ee728b)
Start importing Assets/Images/Morocco_Deaths_2.png using Guid(a0a0d23b2dab6d642b8fa6e880ceb325) Importer(815301076,1909f56bfc062723c751e8b465ee728b)  -> (artifact id: '1b0007009785f46e10b7420174fa37d5') in 0.045616 seconds
  Import took 0.049961 seconds .

========================================================================
Received Import Request.
  Time since last request: 18.342613 seconds.
  path: Assets/Images/Italy_Deaths_1.png
  artifactKey: Guid(cf37b97f59799a74899868caeda7346d) Importer(815301076,1909f56bfc062723c751e8b465ee728b)
Start importing Assets/Images/Italy_Deaths_1.png using Guid(cf37b97f59799a74899868caeda7346d) Importer(815301076,1909f56bfc062723c751e8b465ee728b)  -> (artifact id: '99b7b6649791c25486623512c0f2ee33') in 0.162714 seconds
  Import took 0.167719 seconds .

========================================================================
Received Import Request.
  Time since last request: 0.000277 seconds.
  path: Assets/Images/Morocco_Deaths_2.png
  artifactKey: Guid(a0a0d23b2dab6d642b8fa6e880ceb325) Importer(815301076,1909f56bfc062723c751e8b465ee728b)
Start importing Assets/Images/Morocco_Deaths_2.png using Guid(a0a0d23b2dab6d642b8fa6e880ceb325) Importer(815301076,1909f56bfc062723c751e8b465ee728b)  -> (artifact id: '68fb68d8a8651ee9a7c04605641f93d5') in 0.195203 seconds
  Import took 0.199316 seconds .

========================================================================
Received Import Request.
  Time since last request: 0.000375 seconds.
  path: Assets/Images/Italy_Deaths_2.png
  artifactKey: Guid(289348e9a062d8d4096c1fe65fa5aaa8) Importer(815301076,1909f56bfc062723c751e8b465ee728b)
Start importing Assets/Images/Italy_Deaths_2.png using Guid(289348e9a062d8d4096c1fe65fa5aaa8) Importer(815301076,1909f56bfc062723c751e8b465ee728b)  -> (artifact id: '4fb97b33cc08d2b63962c6a996938518') in 0.096591 seconds
  Import took 0.101312 seconds .

========================================================================
Received Import Request.
  Time since last request: 0.000392 seconds.
  path: Assets/Images/Morocco_Deaths_1.png
  artifactKey: Guid(92460d17c6017314c890a74c437b13bb) Importer(815301076,1909f56bfc062723c751e8b465ee728b)
Start importing Assets/Images/Morocco_Deaths_1.png using Guid(92460d17c6017314c890a74c437b13bb) Importer(815301076,1909f56bfc062723c751e8b465ee728b)  -> (artifact id: '02eb7115c2f889af7246b6c98cf2ea9b') in 0.138692 seconds
  Import took 0.143557 seconds .

========================================================================
Received Import Request.
  Time since last request: 5.096524 seconds.
  path: Assets/Images/India_Deaths_1.png
  artifactKey: Guid(34c8c16393fd1f64eb7c907c588739dc) Importer(815301076,1909f56bfc062723c751e8b465ee728b)
Start importing Assets/Images/India_Deaths_1.png using Guid(34c8c16393fd1f64eb7c907c588739dc) Importer(815301076,1909f56bfc062723c751e8b465ee728b)  -> (artifact id: '6e857ee58e0da0daf9044a7ea79c76c1') in 0.034868 seconds
  Import took 0.039886 seconds .

========================================================================
Received Import Request.
  Time since last request: 0.000301 seconds.
  path: Assets/Images/India_Deaths_2.png
  artifactKey: Guid(fca27ed46bdea4f4e92b011b5ad49161) Importer(815301076,1909f56bfc062723c751e8b465ee728b)
Start importing Assets/Images/India_Deaths_2.png using Guid(fca27ed46bdea4f4e92b011b5ad49161) Importer(815301076,1909f56bfc062723c751e8b465ee728b)  -> (artifact id: 'd85729a19dabb5d019a7da2edd28c8e6') in 0.109609 seconds
  Import took 0.114702 seconds .

========================================================================
Received Import Request.
  Time since last request: 0.024522 seconds.
  path: Assets/Images/Brazil_Deaths_1.png
  artifactKey: Guid(42f936fcc33560147a4a74f3936ea027) Importer(815301076,1909f56bfc062723c751e8b465ee728b)
Start importing Assets/Images/Brazil_Deaths_1.png using Guid(42f936fcc33560147a4a74f3936ea027) Importer(815301076,1909f56bfc062723c751e8b465ee728b)  -> (artifact id: 'c59272601e8ff24709293144c03fb7bf') in 0.119605 seconds
  Import took 0.125619 seconds .

========================================================================
Received Import Request.
  Time since last request: 0.000526 seconds.
  path: Assets/Images/Brazil_Deaths_2.png
  artifactKey: Guid(39a89d68d6fc92f4dbda671cca7cc786) Importer(815301076,1909f56bfc062723c751e8b465ee728b)
Start importing Assets/Images/Brazil_Deaths_2.png using Guid(39a89d68d6fc92f4dbda671cca7cc786) Importer(815301076,1909f56bfc062723c751e8b465ee728b)  -> (artifact id: '96492691d9617efe72acdc9c869ed5f2') in 0.079662 seconds
  Import took 0.084983 seconds .

========================================================================
Received Prepare
Registering precompiled user dll's ...
Registered in 0.010876 seconds.
Begin MonoManager ReloadAssembly
Native extension for WindowsStandalone target not found
Native extension for WebGL target not found
Refreshing native plugins compatible for Editor in 0.34 ms, found 2 plugins.
Preloading 0 native plugins for Editor in 0.00 ms.
Mono: successfully reloaded assembly
- Completed reload, in  1.421 seconds
Platform modules already initialized, skipping
Refreshing native plugins compatible for Editor in 0.35 ms, found 2 plugins.
Preloading 0 native plugins for Editor in 0.00 ms.
Unloading 1398 Unused Serialized files (Serialized files now loaded: 0)
System memory in use before: 72.4 MB.
System memory in use after: 72.5 MB.

Unloading 13 unused Assets to reduce memory usage. Loaded Objects now: 1871.
Total: 2.803700 ms (FindLiveObjects: 0.208200 ms CreateObjectMapping: 0.075200 ms MarkObjects: 2.450600 ms  DeleteObjects: 0.068700 ms)

========================================================================
Received Prepare
Registering precompiled user dll's ...
Registered in 0.007140 seconds.
Begin MonoManager ReloadAssembly
Native extension for WindowsStandalone target not found
Native extension for WebGL target not found
Refreshing native plugins compatible for Editor in 0.33 ms, found 2 plugins.
Preloading 0 native plugins for Editor in 0.00 ms.
Mono: successfully reloaded assembly
- Completed reload, in  1.158 seconds
Platform modules already initialized, skipping
Refreshing native plugins compatible for Editor in 0.34 ms, found 2 plugins.
Preloading 0 native plugins for Editor in 0.00 ms.
Unloading 1398 Unused Serialized files (Serialized files now loaded: 0)
System memory in use before: 72.5 MB.
System memory in use after: 72.6 MB.

Unloading 13 unused Assets to reduce memory usage. Loaded Objects now: 1874.
Total: 2.303700 ms (FindLiveObjects: 0.151700 ms CreateObjectMapping: 0.037800 ms MarkObjects: 2.087100 ms  DeleteObjects: 0.025300 ms)

========================================================================
Received Prepare
Registering precompiled user dll's ...
Registered in 0.011476 seconds.
Begin MonoManager ReloadAssembly
Native extension for WindowsStandalone target not found
Native extension for WebGL target not found
Refreshing native plugins compatible for Editor in 0.96 ms, found 2 plugins.
Preloading 0 native plugins for Editor in 0.00 ms.
Mono: successfully reloaded assembly
- Completed reload, in  3.126 seconds
Platform modules already initialized, skipping
Refreshing native plugins compatible for Editor in 0.93 ms, found 2 plugins.
Preloading 0 native plugins for Editor in 0.00 ms.
Unloading 1398 Unused Serialized files (Serialized files now loaded: 0)
System memory in use before: 72.5 MB.
System memory in use after: 72.6 MB.

Unloading 13 unused Assets to reduce memory usage. Loaded Objects now: 1877.
Total: 3.917600 ms (FindLiveObjects: 0.331300 ms CreateObjectMapping: 0.104300 ms MarkObjects: 3.450600 ms  DeleteObjects: 0.029700 ms)

========================================================================
Received Import Request.
  Time since last request: 1109.322659 seconds.
  path: Assets/Scripts/ZoomIntoWindow.cs
  artifactKey: Guid(49f92616719ff46428a20c61bec120fd) Importer(815301076,1909f56bfc062723c751e8b465ee728b)
Start importing Assets/Scripts/ZoomIntoWindow.cs using Guid(49f92616719ff46428a20c61bec120fd) Importer(815301076,1909f56bfc062723c751e8b465ee728b)  -> (artifact id: '4241df5045be9739358d5e5da8761b87') in 0.051323 seconds
  Import took 0.059468 seconds .

========================================================================
Received Import Request.
  Time since last request: 0.003895 seconds.
  path: Assets/Scripts/ZoomIntoWindow.cs
  artifactKey: Guid(49f92616719ff46428a20c61bec120fd) Importer(815301076,1909f56bfc062723c751e8b465ee728b)
Start importing Assets/Scripts/ZoomIntoWindow.cs using Guid(49f92616719ff46428a20c61bec120fd) Importer(815301076,1909f56bfc062723c751e8b465ee728b)  -> (artifact id: '4241df5045be9739358d5e5da8761b87') in 0.012472 seconds
  Import took 0.017800 seconds .

========================================================================
Received Prepare
Registering precompiled user dll's ...
Registered in 0.013721 seconds.
Begin MonoManager ReloadAssembly
Native extension for WindowsStandalone target not found
Native extension for WebGL target not found
Refreshing native plugins compatible for Editor in 0.99 ms, found 2 plugins.
Preloading 0 native plugins for Editor in 0.00 ms.
Mono: successfully reloaded assembly
- Completed reload, in  2.189 seconds
Platform modules already initialized, skipping
Refreshing native plugins compatible for Editor in 0.66 ms, found 2 plugins.
Preloading 0 native plugins for Editor in 0.00 ms.
Unloading 1398 Unused Serialized files (Serialized files now loaded: 0)
System memory in use before: 72.5 MB.
System memory in use after: 72.6 MB.

Unloading 13 unused Assets to reduce memory usage. Loaded Objects now: 1880.
Total: 3.970300 ms (FindLiveObjects: 0.307300 ms CreateObjectMapping: 0.099800 ms MarkObjects: 3.528700 ms  DeleteObjects: 0.032300 ms)

========================================================================
Received Import Request.
  Time since last request: 151.309158 seconds.
  path: Assets/Scripts/ZoomIntoWindow.cs
  artifactKey: Guid(49f92616719ff46428a20c61bec120fd) Importer(815301076,1909f56bfc062723c751e8b465ee728b)
Start importing Assets/Scripts/ZoomIntoWindow.cs using Guid(49f92616719ff46428a20c61bec120fd) Importer(815301076,1909f56bfc062723c751e8b465ee728b)  -> (artifact id: 'f79f4ea8733b776212914d6135795e15') in 0.005228 seconds
  Import took 0.010861 seconds .

========================================================================
Received Prepare
Registering precompiled user dll's ...
Registered in 0.007738 seconds.
Begin MonoManager ReloadAssembly
Native extension for WindowsStandalone target not found
Native extension for WebGL target not found
Refreshing native plugins compatible for Editor in 0.61 ms, found 2 plugins.
Preloading 0 native plugins for Editor in 0.00 ms.
Mono: successfully reloaded assembly
- Completed reload, in  1.579 seconds
Platform modules already initialized, skipping
Refreshing native plugins compatible for Editor in 0.38 ms, found 2 plugins.
Preloading 0 native plugins for Editor in 0.00 ms.
Unloading 1398 Unused Serialized files (Serialized files now loaded: 0)
System memory in use before: 72.5 MB.
System memory in use after: 72.6 MB.

Unloading 13 unused Assets to reduce memory usage. Loaded Objects now: 1883.
Total: 2.014500 ms (FindLiveObjects: 0.327800 ms CreateObjectMapping: 0.090100 ms MarkObjects: 1.559500 ms  DeleteObjects: 0.036200 ms)

========================================================================
Received Import Request.
  Time since last request: 139.629193 seconds.
  path: Assets/Scripts/ZoomIntoWindow.cs
  artifactKey: Guid(49f92616719ff46428a20c61bec120fd) Importer(815301076,1909f56bfc062723c751e8b465ee728b)
Start importing Assets/Scripts/ZoomIntoWindow.cs using Guid(49f92616719ff46428a20c61bec120fd) Importer(815301076,1909f56bfc062723c751e8b465ee728b)  -> (artifact id: '8c403504cc25f54a1c9c08650f1bb259') in 0.004483 seconds
  Import took 0.011128 seconds .

========================================================================
Received Import Request.
  Time since last request: 119.704409 seconds.
  path: Assets/Scripts/ZoomIntoWindow.cs
  artifactKey: Guid(49f92616719ff46428a20c61bec120fd) Importer(815301076,1909f56bfc062723c751e8b465ee728b)
Start importing Assets/Scripts/ZoomIntoWindow.cs using Guid(49f92616719ff46428a20c61bec120fd) Importer(815301076,1909f56bfc062723c751e8b465ee728b)  -> (artifact id: '186bae1d5d1917e04ef1629665e2068c') in 0.006529 seconds
  Import took 0.018462 seconds .

========================================================================
Received Prepare
Registering precompiled user dll's ...
Registered in 0.003610 seconds.
Begin MonoManager ReloadAssembly
Native extension for WindowsStandalone target not found
Native extension for WebGL target not found
Refreshing native plugins compatible for Editor in 0.48 ms, found 2 plugins.
Preloading 0 native plugins for Editor in 0.00 ms.
Mono: successfully reloaded assembly
- Completed reload, in  1.875 seconds
Platform modules already initialized, skipping
Refreshing native plugins compatible for Editor in 0.42 ms, found 2 plugins.
Preloading 0 native plugins for Editor in 0.00 ms.
Unloading 1398 Unused Serialized files (Serialized files now loaded: 0)
System memory in use before: 72.5 MB.
System memory in use after: 72.6 MB.

Unloading 13 unused Assets to reduce memory usage. Loaded Objects now: 1886.
Total: 2.678500 ms (FindLiveObjects: 0.198400 ms CreateObjectMapping: 0.053300 ms MarkObjects: 2.396500 ms  DeleteObjects: 0.028900 ms)

========================================================================
Received Prepare
Registering precompiled user dll's ...
Registered in 0.008273 seconds.
Begin MonoManager ReloadAssembly
Native extension for WindowsStandalone target not found
Native extension for WebGL target not found
Refreshing native plugins compatible for Editor in 0.39 ms, found 2 plugins.
Preloading 0 native plugins for Editor in 0.00 ms.
Mono: successfully reloaded assembly
- Completed reload, in  1.417 seconds
Platform modules already initialized, skipping
Refreshing native plugins compatible for Editor in 0.36 ms, found 2 plugins.
Preloading 0 native plugins for Editor in 0.00 ms.
Unloading 1398 Unused Serialized files (Serialized files now loaded: 0)
System memory in use before: 72.5 MB.
System memory in use after: 72.6 MB.

Unloading 13 unused Assets to reduce memory usage. Loaded Objects now: 1889.
Total: 2.050200 ms (FindLiveObjects: 0.184900 ms CreateObjectMapping: 0.044600 ms MarkObjects: 1.802300 ms  DeleteObjects: 0.017600 ms)

========================================================================
Received Prepare
Registering precompiled user dll's ...
Registered in 0.004859 seconds.
Begin MonoManager ReloadAssembly
Native extension for WindowsStandalone target not found
Native extension for WebGL target not found
Refreshing native plugins compatible for Editor in 0.36 ms, found 2 plugins.
Preloading 0 native plugins for Editor in 0.00 ms.
Mono: successfully reloaded assembly
- Completed reload, in  1.658 seconds
Platform modules already initialized, skipping
Refreshing native plugins compatible for Editor in 0.33 ms, found 2 plugins.
Preloading 0 native plugins for Editor in 0.00 ms.
Unloading 1398 Unused Serialized files (Serialized files now loaded: 0)
System memory in use before: 72.5 MB.
System memory in use after: 72.6 MB.

Unloading 13 unused Assets to reduce memory usage. Loaded Objects now: 1892.
Total: 1.962000 ms (FindLiveObjects: 0.157200 ms CreateObjectMapping: 0.041100 ms MarkObjects: 1.746400 ms  DeleteObjects: 0.016400 ms)

========================================================================
Received Prepare
Registering precompiled user dll's ...
Registered in 0.011731 seconds.
Begin MonoManager ReloadAssembly
Native extension for WindowsStandalone target not found
Native extension for WebGL target not found
Refreshing native plugins compatible for Editor in 0.36 ms, found 2 plugins.
Preloading 0 native plugins for Editor in 0.00 ms.
Mono: successfully reloaded assembly
- Completed reload, in  1.202 seconds
Platform modules already initialized, skipping
Refreshing native plugins compatible for Editor in 0.44 ms, found 2 plugins.
Preloading 0 native plugins for Editor in 0.00 ms.
Unloading 1398 Unused Serialized files (Serialized files now loaded: 0)
System memory in use before: 72.5 MB.
System memory in use after: 72.6 MB.

Unloading 13 unused Assets to reduce memory usage. Loaded Objects now: 1895.
Total: 2.525600 ms (FindLiveObjects: 0.180700 ms CreateObjectMapping: 0.071900 ms MarkObjects: 2.244900 ms  DeleteObjects: 0.026000 ms)

AssetImportWorkerClient::OnTransportError - code=2 error=End of file
